[
  {
    "level": "INFO",
    "message": "android.ndkVersion from module build.gradle is not set"
  },
  {
    "level": "INFO",
    "message": "ndk.dir in local.properties is not set"
  },
  {
    "level": "INFO",
    "message": "ANDROID_NDK_HOME environment variable is not set"
  },
  {
    "level": "INFO",
    "message": "sdkFolder is C:\\Android\\Sdk"
  },
  {
    "level": "INFO",
    "message": "Because no explicit NDK was requested, the default version \u002721.0.6113669\u0027 for this Android Gradle Plugin will be used"
  },
  {
    "level": "INFO",
    "message": "Considering C:\\Android\\Sdk\\ndk-bundle in SDK ndk-bundle folder"
  },
  {
    "level": "INFO",
    "message": "Considering C:\\Android\\Sdk\\ndk\\20.0.5594570 in SDK ndk folder"
  },
  {
    "level": "INFO",
    "message": "Considering C:\\Android\\Sdk\\ndk\\21.0.6113669 in SDK ndk folder"
  },
  {
    "level": "INFO",
    "message": "Considering C:\\Android\\Sdk\\ndk\\21.3.6528147 in SDK ndk folder"
  },
  {
    "level": "INFO",
    "message": "Rejected C:\\Android\\Sdk\\ndk-bundle in SDK ndk-bundle folder because that location has no source.properties"
  },
  {
    "level": "INFO",
    "message": "Found requested NDK version 21.0.6113669 at C:\\Android\\Sdk\\ndk\\21.0.6113669"
  }
]